Using pre-set license

 COMMAND LINE ARGUMENTS:
/Applications/Unity/Unity.app/Contents/MacOS/Unity
-adb2
-batchMode
-noUpm
-name
AssetImportWorker0
-projectPath
/Users/andrametrina/Desktop/swarms/swarms-runner
-logFile
Logs/AssetImportWorker0.log
-srvPort
55599
Successfully changed project path to: /Users/andrametrina/Desktop/swarms/swarms-runner
/Users/andrametrina/Desktop/swarms/swarms-runner
Using Asset Import Pipeline V2.
Refreshing native plugins compatible for Editor in 31.73 ms, found 2 plugins.
Preloading 0 native plugins for Editor in 0.00 ms.
Initialize engine version: 2020.3.9f1 (108be757e447)
[Subsystems] Discovering subsystems at path /Applications/Unity/Unity.app/Contents/Resources/UnitySubsystems
[Subsystems] Discovering subsystems at path /Users/andrametrina/Desktop/swarms/swarms-runner/Assets
GfxDevice: creating device client; threaded=0
2021-06-29 10:39:09.385 Unity[7300:257351] (null) preferred device: Apple M1 (high power)
2021-06-29 10:39:09.385 Unity[7300:257351] Metal devices available: 1
2021-06-29 10:39:09.385 Unity[7300:257351] 0: Apple M1 (high power)
2021-06-29 10:39:09.385 Unity[7300:257351] Using device Apple M1 (high power)
Initializing Metal device caps: Apple M1
Initialize mono
Mono path[0] = '/Applications/Unity/Unity.app/Contents/Managed'
Mono path[1] = '/Applications/Unity/Unity.app/Contents/MonoBleedingEdge/lib/mono/unityjit'
Mono config path = '/Applications/Unity/Unity.app/Contents/MonoBleedingEdge/etc'
Using monoOptions --debugger-agent=transport=dt_socket,embedding=1,server=y,suspend=n,address=127.0.0.1:56300
Begin MonoManager ReloadAssembly
Error scanning for extension ivy.xml files: System.UnauthorizedAccessException: Access to the path '/Applications/Unity/PlaybackEngines/WebGLSupport/BuildTools/Emscripten_Mac/node' is denied.
  at System.IO.__Error.WinIOError (System.Int32 errorCode, System.String maybeFullPath) [0x00129] in <695d1cc93cca45069c528c15c9fdd749>:0 
  at System.IO.FileSystemEnumerableIterator`1[TSource].HandleError (System.Int32 hr, System.String path) [0x00006] in <695d1cc93cca45069c528c15c9fdd749>:0 
  at System.IO.FileSystemEnumerableIterator`1[TSource].AddSearchableDirsToStack (System.IO.Directory+SearchData localSearchData) [0x00053] in <695d1cc93cca45069c528c15c9fdd749>:0 
  at System.IO.FileSystemEnumerableIterator`1[TSource].MoveNext () [0x0008e] in <695d1cc93cca45069c528c15c9fdd749>:0 
  at System.Collections.Generic.List`1[T]..ctor (System.Collections.Generic.IEnumerable`1[T] collection) [0x00077] in <695d1cc93cca45069c528c15c9fdd749>:0 
  at System.IO.Directory.InternalGetFileDirectoryNames (System.String path, System.String userPathOriginal, System.String searchPattern, System.Boolean includeFiles, System.Boolean includeDirs, System.IO.SearchOption searchOption, System.Boolean checkHost) [0x0000f] in <695d1cc93cca45069c528c15c9fdd749>:0 
  at System.IO.Directory.InternalGetFiles (System.String path, System.String searchPattern, System.IO.SearchOption searchOption) [0x00000] in <695d1cc93cca45069c528c15c9fdd749>:0 
  at System.IO.Directory.GetFiles (System.String path, System.String searchPattern, System.IO.SearchOption searchOption) [0x00038] in <695d1cc93cca45069c528c15c9fdd749>:0 
  at UnityEditor.Modules.ModuleManager.LoadLegacyExtensionsFromIvyFiles () [0x000a5] in /Users/bokken/buildslave/unity/build/Editor/Mono/Modules/ModuleManager.cs:253 
Registering precompiled unity dll's ...
Register platform support module: /Applications/Unity/PlaybackEngines/WebGLSupport/UnityEditor.WebGL.Extensions.dll
Register platform support module: /Applications/Unity/Unity.app/Contents/PlaybackEngines/MacStandaloneSupport/UnityEditor.OSXStandalone.Extensions.dll
Registered in 0.001660 seconds.
Native extension for OSXStandalone target not found
Native extension for WebGL target not found
Refreshing native plugins compatible for Editor in 32.63 ms, found 2 plugins.
Preloading 0 native plugins for Editor in 0.00 ms.
Mono: successfully reloaded assembly
- Completed reload, in  1.991 seconds
Platform modules already initialized, skipping
Registering precompiled user dll's ...
Registered in 0.001170 seconds.
Begin MonoManager ReloadAssembly
Native extension for OSXStandalone target not found
Native extension for WebGL target not found
Refreshing native plugins compatible for Editor in 32.14 ms, found 2 plugins.
Preloading 0 native plugins for Editor in 0.00 ms.
Mono: successfully reloaded assembly
- Completed reload, in  1.877 seconds
Platform modules already initialized, skipping
========================================================================
Worker process is ready to serve import requests
Launching external process: /Applications/Unity/Unity.app/Contents/Tools/UnityShaderCompiler
Launched and connected shader compiler UnityShaderCompiler after 0.03 seconds
Refreshing native plugins compatible for Editor in 0.29 ms, found 2 plugins.
Preloading 0 native plugins for Editor in 0.00 ms.
Unloading 1811 Unused Serialized files (Serialized files now loaded: 0)
System memory in use before: 143.3 MB.
System memory in use after: 143.2 MB.

Unloading 24 unused Assets to reduce memory usage. Loaded Objects now: 2254.
Total: 1.417750 ms (FindLiveObjects: 0.105125 ms CreateObjectMapping: 0.034750 ms MarkObjects: 1.155542 ms  DeleteObjects: 0.121708 ms)

========================================================================
Received Import Request.
  path: Assets/Prefab/Obstacle.prefab
  artifactKey: Guid(1e2f33834713d4b2c8ea88e9f7bd8f31) Importer(815301076,1909f56bfc062723c751e8b465ee728b)
Start importing Assets/Prefab/Obstacle.prefab using Guid(1e2f33834713d4b2c8ea88e9f7bd8f31) Importer(815301076,1909f56bfc062723c751e8b465ee728b)  -> (artifact id: '39d028c74af62517f5a751ea88eb6d77') in 0.930254 seconds
  Import took 0.933136 seconds .

========================================================================
Received Import Request.
  Time since last request: 83.320127 seconds.
  path: Assets/Scripts/SpawnObstacles.cs
  artifactKey: Guid(7b014d5ce72bf4023b505a3996575990) Importer(815301076,1909f56bfc062723c751e8b465ee728b)
Start importing Assets/Scripts/SpawnObstacles.cs using Guid(7b014d5ce72bf4023b505a3996575990) Importer(815301076,1909f56bfc062723c751e8b465ee728b)  -> (artifact id: 'f46c5f438aacb05d9e35a5ec42e083cf') in 0.167976 seconds
  Import took 0.170426 seconds .

========================================================================
Received Import Request.
  Time since last request: 0.120600 seconds.
  path: Assets/Scripts/SpawnObstacles.cs
  artifactKey: Guid(7b014d5ce72bf4023b505a3996575990) Importer(815301076,1909f56bfc062723c751e8b465ee728b)
Start importing Assets/Scripts/SpawnObstacles.cs using Guid(7b014d5ce72bf4023b505a3996575990) Importer(815301076,1909f56bfc062723c751e8b465ee728b)  -> (artifact id: 'f46c5f438aacb05d9e35a5ec42e083cf') in 0.001725 seconds
  Import took 0.004253 seconds .

========================================================================
Received Prepare
Registering precompiled user dll's ...
Registered in 0.000636 seconds.
Begin MonoManager ReloadAssembly
Native extension for OSXStandalone target not found
Native extension for WebGL target not found
Refreshing native plugins compatible for Editor in 0.33 ms, found 2 plugins.
Preloading 0 native plugins for Editor in 0.00 ms.
Mono: successfully reloaded assembly
- Completed reload, in  1.809 seconds
Platform modules already initialized, skipping
Refreshing native plugins compatible for Editor in 0.28 ms, found 2 plugins.
Preloading 0 native plugins for Editor in 0.00 ms.
Unloading 1807 Unused Serialized files (Serialized files now loaded: 0)
System memory in use before: 155.5 MB.
System memory in use after: 155.5 MB.

Unloading 12 unused Assets to reduce memory usage. Loaded Objects now: 2266.
Total: 1.313291 ms (FindLiveObjects: 0.108084 ms CreateObjectMapping: 0.033291 ms MarkObjects: 1.090292 ms  DeleteObjects: 0.080875 ms)

========================================================================
Received Prepare
Registering precompiled user dll's ...
Registered in 0.000589 seconds.
Begin MonoManager ReloadAssembly
Native extension for OSXStandalone target not found
Native extension for WebGL target not found
Refreshing native plugins compatible for Editor in 0.32 ms, found 2 plugins.
Preloading 0 native plugins for Editor in 0.00 ms.
Mono: successfully reloaded assembly
- Completed reload, in  1.882 seconds
Platform modules already initialized, skipping
Refreshing native plugins compatible for Editor in 0.20 ms, found 2 plugins.
Preloading 0 native plugins for Editor in 0.00 ms.
Unloading 1807 Unused Serialized files (Serialized files now loaded: 0)
System memory in use before: 155.7 MB.
System memory in use after: 155.7 MB.

Unloading 12 unused Assets to reduce memory usage. Loaded Objects now: 2270.
Total: 1.298125 ms (FindLiveObjects: 0.089125 ms CreateObjectMapping: 0.033375 ms MarkObjects: 1.093375 ms  DeleteObjects: 0.081500 ms)

========================================================================
Received Import Request.
  Time since last request: 49.411476 seconds.
  path: Assets/Scripts/SpawnObstacles.cs
  artifactKey: Guid(7b014d5ce72bf4023b505a3996575990) Importer(815301076,1909f56bfc062723c751e8b465ee728b)
Start importing Assets/Scripts/SpawnObstacles.cs using Guid(7b014d5ce72bf4023b505a3996575990) Importer(815301076,1909f56bfc062723c751e8b465ee728b)  -> (artifact id: 'b2f25a80722dea4ce91fd432407f5289') in 0.006100 seconds
  Import took 0.008053 seconds .

========================================================================
Received Import Request.
  Time since last request: 403.175505 seconds.
  path: Assets/Scripts/SpawnObstacles.cs
  artifactKey: Guid(7b014d5ce72bf4023b505a3996575990) Importer(815301076,1909f56bfc062723c751e8b465ee728b)
Start importing Assets/Scripts/SpawnObstacles.cs using Guid(7b014d5ce72bf4023b505a3996575990) Importer(815301076,1909f56bfc062723c751e8b465ee728b)  -> (artifact id: '88452cfbeaf575af9cc74061c65798de') in 0.001139 seconds
  Import took 0.003835 seconds .

========================================================================
Received Import Request.
  Time since last request: 37.322092 seconds.
  path: Assets/Scripts/SpawnObstacles.cs
  artifactKey: Guid(7b014d5ce72bf4023b505a3996575990) Importer(815301076,1909f56bfc062723c751e8b465ee728b)
Start importing Assets/Scripts/SpawnObstacles.cs using Guid(7b014d5ce72bf4023b505a3996575990) Importer(815301076,1909f56bfc062723c751e8b465ee728b)  -> (artifact id: 'c7e821317ecfd038bd39e0e9878f8e89') in 0.001003 seconds
  Import took 0.003613 seconds .

========================================================================
Received Prepare
Registering precompiled user dll's ...
Registered in 0.000554 seconds.
Begin MonoManager ReloadAssembly
Native extension for OSXStandalone target not found
Native extension for WebGL target not found
Refreshing native plugins compatible for Editor in 0.31 ms, found 2 plugins.
Preloading 0 native plugins for Editor in 0.00 ms.
Mono: successfully reloaded assembly
- Completed reload, in  1.804 seconds
Platform modules already initialized, skipping
Refreshing native plugins compatible for Editor in 0.19 ms, found 2 plugins.
Preloading 0 native plugins for Editor in 0.00 ms.
Unloading 1807 Unused Serialized files (Serialized files now loaded: 0)
System memory in use before: 155.9 MB.
System memory in use after: 155.9 MB.

Unloading 12 unused Assets to reduce memory usage. Loaded Objects now: 2274.
Total: 1.281166 ms (FindLiveObjects: 0.091625 ms CreateObjectMapping: 0.032583 ms MarkObjects: 1.075292 ms  DeleteObjects: 0.080958 ms)

========================================================================
Received Import Request.
  Time since last request: 59.847578 seconds.
  path: Assets/Scripts/SpawnObstacles.cs
  artifactKey: Guid(7b014d5ce72bf4023b505a3996575990) Importer(815301076,1909f56bfc062723c751e8b465ee728b)
Start importing Assets/Scripts/SpawnObstacles.cs using Guid(7b014d5ce72bf4023b505a3996575990) Importer(815301076,1909f56bfc062723c751e8b465ee728b)  -> (artifact id: 'fa94fb0ce2d824bc64978df3440420fe') in 0.004666 seconds
  Import took 0.006678 seconds .

========================================================================
Received Prepare
Registering precompiled user dll's ...
Registered in 0.000678 seconds.
Begin MonoManager ReloadAssembly
Native extension for OSXStandalone target not found
Native extension for WebGL target not found
Refreshing native plugins compatible for Editor in 0.32 ms, found 2 plugins.
Preloading 0 native plugins for Editor in 0.00 ms.
Mono: successfully reloaded assembly
- Completed reload, in  1.807 seconds
Platform modules already initialized, skipping
Refreshing native plugins compatible for Editor in 0.21 ms, found 2 plugins.
Preloading 0 native plugins for Editor in 0.00 ms.
Unloading 1807 Unused Serialized files (Serialized files now loaded: 0)
System memory in use before: 156.1 MB.
System memory in use after: 156.1 MB.

Unloading 12 unused Assets to reduce memory usage. Loaded Objects now: 2278.
Total: 1.331292 ms (FindLiveObjects: 0.105542 ms CreateObjectMapping: 0.034959 ms MarkObjects: 1.108208 ms  DeleteObjects: 0.081709 ms)

========================================================================
Received Import Request.
  Time since last request: 73.366217 seconds.
  path: Assets/Scripts/SpawnObstacles.cs
  artifactKey: Guid(7b014d5ce72bf4023b505a3996575990) Importer(815301076,1909f56bfc062723c751e8b465ee728b)
Start importing Assets/Scripts/SpawnObstacles.cs using Guid(7b014d5ce72bf4023b505a3996575990) Importer(815301076,1909f56bfc062723c751e8b465ee728b)  -> (artifact id: '25031c6fcdbc3645eceabe0036a516da') in 0.005145 seconds
  Import took 0.007232 seconds .

========================================================================
Received Prepare
Registering precompiled user dll's ...
Registered in 0.000836 seconds.
Begin MonoManager ReloadAssembly
Native extension for OSXStandalone target not found
Native extension for WebGL target not found
Refreshing native plugins compatible for Editor in 0.32 ms, found 2 plugins.
Preloading 0 native plugins for Editor in 0.00 ms.
Mono: successfully reloaded assembly
- Completed reload, in  1.847 seconds
Platform modules already initialized, skipping
Refreshing native plugins compatible for Editor in 0.29 ms, found 2 plugins.
Preloading 0 native plugins for Editor in 0.00 ms.
Unloading 1807 Unused Serialized files (Serialized files now loaded: 0)
System memory in use before: 156.3 MB.
System memory in use after: 156.3 MB.

Unloading 12 unused Assets to reduce memory usage. Loaded Objects now: 2282.
Total: 1.457541 ms (FindLiveObjects: 0.131541 ms CreateObjectMapping: 0.035584 ms MarkObjects: 1.180250 ms  DeleteObjects: 0.109209 ms)

========================================================================
Received Prepare
Registering precompiled user dll's ...
Registered in 0.000346 seconds.
Begin MonoManager ReloadAssembly
Native extension for OSXStandalone target not found
Native extension for WebGL target not found
Refreshing native plugins compatible for Editor in 0.31 ms, found 2 plugins.
Preloading 0 native plugins for Editor in 0.00 ms.
Mono: successfully reloaded assembly
- Completed reload, in  1.787 seconds
Platform modules already initialized, skipping
Refreshing native plugins compatible for Editor in 0.28 ms, found 2 plugins.
Preloading 0 native plugins for Editor in 0.00 ms.
Unloading 1807 Unused Serialized files (Serialized files now loaded: 0)
System memory in use before: 156.5 MB.
System memory in use after: 156.5 MB.

Unloading 12 unused Assets to reduce memory usage. Loaded Objects now: 2286.
Total: 1.395125 ms (FindLiveObjects: 0.106708 ms CreateObjectMapping: 0.035333 ms MarkObjects: 1.156292 ms  DeleteObjects: 0.096000 ms)

========================================================================
Received Prepare
Registering precompiled user dll's ...
Registered in 0.000446 seconds.
Begin MonoManager ReloadAssembly
Native extension for OSXStandalone target not found
Native extension for WebGL target not found
Refreshing native plugins compatible for Editor in 0.30 ms, found 2 plugins.
Preloading 0 native plugins for Editor in 0.00 ms.
Mono: successfully reloaded assembly
- Completed reload, in  1.727 seconds
Platform modules already initialized, skipping
Refreshing native plugins compatible for Editor in 0.21 ms, found 2 plugins.
Preloading 0 native plugins for Editor in 0.00 ms.
Unloading 1807 Unused Serialized files (Serialized files now loaded: 0)
System memory in use before: 156.7 MB.
System memory in use after: 156.7 MB.

Unloading 12 unused Assets to reduce memory usage. Loaded Objects now: 2290.
Total: 1.338375 ms (FindLiveObjects: 0.100458 ms CreateObjectMapping: 0.035542 ms MarkObjects: 1.111084 ms  DeleteObjects: 0.090666 ms)

========================================================================
Received Prepare
Registering precompiled user dll's ...
Registered in 0.000345 seconds.
Begin MonoManager ReloadAssembly
Native extension for OSXStandalone target not found
Native extension for WebGL target not found
Refreshing native plugins compatible for Editor in 0.31 ms, found 2 plugins.
Preloading 0 native plugins for Editor in 0.00 ms.
Mono: successfully reloaded assembly
- Completed reload, in  1.769 seconds
Platform modules already initialized, skipping
Refreshing native plugins compatible for Editor in 0.20 ms, found 2 plugins.
Preloading 0 native plugins for Editor in 0.00 ms.
Unloading 1807 Unused Serialized files (Serialized files now loaded: 0)
System memory in use before: 156.9 MB.
System memory in use after: 156.9 MB.

Unloading 12 unused Assets to reduce memory usage. Loaded Objects now: 2294.
Total: 1.290375 ms (FindLiveObjects: 0.096916 ms CreateObjectMapping: 0.032417 ms MarkObjects: 1.074750 ms  DeleteObjects: 0.085583 ms)

========================================================================
Received Import Request.
  Time since last request: 1446.500605 seconds.
  path: ProjectSettings/TagManager.asset
  artifactKey: Guid(00000000000000003000000000000000) Importer(815301076,1909f56bfc062723c751e8b465ee728b)
Start importing ProjectSettings/TagManager.asset using Guid(00000000000000003000000000000000) Importer(815301076,1909f56bfc062723c751e8b465ee728b)  -> (artifact id: '95df672b4aaba54310d34c83eef51bb8') in 0.259327 seconds
  Import took 0.261873 seconds .

========================================================================
Received Import Request.
  Time since last request: 206.013080 seconds.
  path: Assets/Prefab/Obstacle.prefab
  artifactKey: Guid(1e2f33834713d4b2c8ea88e9f7bd8f31) Importer(815301076,1909f56bfc062723c751e8b465ee728b)
Start importing Assets/Prefab/Obstacle.prefab using Guid(1e2f33834713d4b2c8ea88e9f7bd8f31) Importer(815301076,1909f56bfc062723c751e8b465ee728b)  -> (artifact id: '3db36f676f7c05087e2a9b07dec3d49d') in 0.130922 seconds
  Import took 0.133230 seconds .

========================================================================
Received Import Request.
  Time since last request: 9.381628 seconds.
  path: Assets/Prefab/Obstacle.prefab
  artifactKey: Guid(1e2f33834713d4b2c8ea88e9f7bd8f31) Importer(815301076,1909f56bfc062723c751e8b465ee728b)
Start importing Assets/Prefab/Obstacle.prefab using Guid(1e2f33834713d4b2c8ea88e9f7bd8f31) Importer(815301076,1909f56bfc062723c751e8b465ee728b)  -> (artifact id: '7d805a2b48f8caf1f6a9b888de2655bd') in 0.018631 seconds
  Import took 0.021809 seconds .

========================================================================
Received Import Request.
  Time since last request: 5.870224 seconds.
  path: Assets/Prefab/Obstacle.prefab
  artifactKey: Guid(1e2f33834713d4b2c8ea88e9f7bd8f31) Importer(815301076,1909f56bfc062723c751e8b465ee728b)
Start importing Assets/Prefab/Obstacle.prefab using Guid(1e2f33834713d4b2c8ea88e9f7bd8f31) Importer(815301076,1909f56bfc062723c751e8b465ee728b)  -> (artifact id: '0774dc73520ec10758f4430ea5c5d78e') in 0.011743 seconds
  Import took 0.015399 seconds .

========================================================================
Received Import Request.
  Time since last request: 0.009566 seconds.
  path: Assets/Prefab/Obstacle.prefab
  artifactKey: Guid(1e2f33834713d4b2c8ea88e9f7bd8f31) Importer(815301076,1909f56bfc062723c751e8b465ee728b)
Start importing Assets/Prefab/Obstacle.prefab using Guid(1e2f33834713d4b2c8ea88e9f7bd8f31) Importer(815301076,1909f56bfc062723c751e8b465ee728b)  -> (artifact id: '0774dc73520ec10758f4430ea5c5d78e') in 0.008348 seconds
  Import took 0.011267 seconds .

========================================================================
Received Import Request.
  Time since last request: 4.028126 seconds.
  path: Assets/Prefab/Obstacle.prefab
  artifactKey: Guid(1e2f33834713d4b2c8ea88e9f7bd8f31) Importer(815301076,1909f56bfc062723c751e8b465ee728b)
Start importing Assets/Prefab/Obstacle.prefab using Guid(1e2f33834713d4b2c8ea88e9f7bd8f31) Importer(815301076,1909f56bfc062723c751e8b465ee728b)  -> (artifact id: '540cc290ec5e100cf3e68a03ec1f79a6') in 0.010351 seconds
  Import took 0.013766 seconds .

========================================================================
Received Import Request.
  Time since last request: 0.005673 seconds.
  path: Assets/Prefab/Obstacle.prefab
  artifactKey: Guid(1e2f33834713d4b2c8ea88e9f7bd8f31) Importer(815301076,1909f56bfc062723c751e8b465ee728b)
Start importing Assets/Prefab/Obstacle.prefab using Guid(1e2f33834713d4b2c8ea88e9f7bd8f31) Importer(815301076,1909f56bfc062723c751e8b465ee728b)  -> (artifact id: '540cc290ec5e100cf3e68a03ec1f79a6') in 0.007864 seconds
  Import took 0.010564 seconds .

========================================================================
Received Import Request.
  Time since last request: 4.864364 seconds.
  path: Assets/Prefab/Obstacle.prefab
  artifactKey: Guid(1e2f33834713d4b2c8ea88e9f7bd8f31) Importer(815301076,1909f56bfc062723c751e8b465ee728b)
Start importing Assets/Prefab/Obstacle.prefab using Guid(1e2f33834713d4b2c8ea88e9f7bd8f31) Importer(815301076,1909f56bfc062723c751e8b465ee728b)  -> (artifact id: '2de65c0e1119a195ad74acd0b154bd29') in 0.011345 seconds
  Import took 0.015031 seconds .

========================================================================
Received Import Request.
  Time since last request: 0.006235 seconds.
  path: Assets/Prefab/Obstacle.prefab
  artifactKey: Guid(1e2f33834713d4b2c8ea88e9f7bd8f31) Importer(815301076,1909f56bfc062723c751e8b465ee728b)
Start importing Assets/Prefab/Obstacle.prefab using Guid(1e2f33834713d4b2c8ea88e9f7bd8f31) Importer(815301076,1909f56bfc062723c751e8b465ee728b)  -> (artifact id: '2de65c0e1119a195ad74acd0b154bd29') in 0.008413 seconds
  Import took 0.011296 seconds .

========================================================================
Received Import Request.
  Time since last request: 39.354623 seconds.
  path: Assets/Prefab/Obstacle.prefab
  artifactKey: Guid(1e2f33834713d4b2c8ea88e9f7bd8f31) Importer(815301076,1909f56bfc062723c751e8b465ee728b)
Start importing Assets/Prefab/Obstacle.prefab using Guid(1e2f33834713d4b2c8ea88e9f7bd8f31) Importer(815301076,1909f56bfc062723c751e8b465ee728b)  -> (artifact id: '3016a837afce389dae084fcfd039a095') in 0.012037 seconds
  Import took 0.015775 seconds .

========================================================================
Received Prepare
Registering precompiled user dll's ...
Registered in 0.000613 seconds.
Begin MonoManager ReloadAssembly
Native extension for OSXStandalone target not found
Native extension for WebGL target not found
Refreshing native plugins compatible for Editor in 0.31 ms, found 2 plugins.
Preloading 0 native plugins for Editor in 0.00 ms.
Mono: successfully reloaded assembly
- Completed reload, in  1.818 seconds
Platform modules already initialized, skipping
Refreshing native plugins compatible for Editor in 0.20 ms, found 2 plugins.
Preloading 0 native plugins for Editor in 0.00 ms.
Unloading 1808 Unused Serialized files (Serialized files now loaded: 0)
System memory in use before: 161.4 MB.
System memory in use after: 161.4 MB.

Unloading 13 unused Assets to reduce memory usage. Loaded Objects now: 2300.
Total: 1.291417 ms (FindLiveObjects: 0.095792 ms CreateObjectMapping: 0.033541 ms MarkObjects: 1.076667 ms  DeleteObjects: 0.084667 ms)

========================================================================
Received Import Request.
  Time since last request: 17.308685 seconds.
  path: Assets/Scripts/NewBehaviourScript.cs
  artifactKey: Guid(416b40bf737a54f028c2ee4462afc934) Importer(815301076,1909f56bfc062723c751e8b465ee728b)
Start importing Assets/Scripts/NewBehaviourScript.cs using Guid(416b40bf737a54f028c2ee4462afc934) Importer(815301076,1909f56bfc062723c751e8b465ee728b)  -> (artifact id: '490d72cf6b21333444d667e8c8d207a6') in 0.006194 seconds
  Import took 0.008172 seconds .

========================================================================
Received Import Request.
  Time since last request: 7.717400 seconds.
  path: Assets/Scripts/Obstacle.cs
  artifactKey: Guid(416b40bf737a54f028c2ee4462afc934) Importer(815301076,1909f56bfc062723c751e8b465ee728b)
Start importing Assets/Scripts/Obstacle.cs using Guid(416b40bf737a54f028c2ee4462afc934) Importer(815301076,1909f56bfc062723c751e8b465ee728b)  -> (artifact id: 'da1b3cae9a756e42267d0b355697da3b') in 0.000896 seconds
  Import took 0.003291 seconds .

========================================================================
Received Prepare
Registering precompiled user dll's ...
Registered in 0.000689 seconds.
Begin MonoManager ReloadAssembly
Native extension for OSXStandalone target not found
Native extension for WebGL target not found
Refreshing native plugins compatible for Editor in 0.31 ms, found 2 plugins.
Preloading 0 native plugins for Editor in 0.00 ms.
Mono: successfully reloaded assembly
- Completed reload, in  1.830 seconds
Platform modules already initialized, skipping
Refreshing native plugins compatible for Editor in 0.24 ms, found 2 plugins.
Preloading 0 native plugins for Editor in 0.00 ms.
Unloading 1808 Unused Serialized files (Serialized files now loaded: 0)
System memory in use before: 161.6 MB.
System memory in use after: 161.6 MB.

Unloading 12 unused Assets to reduce memory usage. Loaded Objects now: 2304.
Total: 1.488208 ms (FindLiveObjects: 0.092167 ms CreateObjectMapping: 0.033541 ms MarkObjects: 1.255792 ms  DeleteObjects: 0.106000 ms)

========================================================================
Received Prepare
Registering precompiled user dll's ...
Registered in 0.000782 seconds.
Begin MonoManager ReloadAssembly
Native extension for OSXStandalone target not found
Native extension for WebGL target not found
Refreshing native plugins compatible for Editor in 0.32 ms, found 2 plugins.
Preloading 0 native plugins for Editor in 0.00 ms.
Mono: successfully reloaded assembly
- Completed reload, in  1.788 seconds
Platform modules already initialized, skipping
Refreshing native plugins compatible for Editor in 0.20 ms, found 2 plugins.
Preloading 0 native plugins for Editor in 0.00 ms.
Unloading 1808 Unused Serialized files (Serialized files now loaded: 0)
System memory in use before: 161.8 MB.
System memory in use after: 161.8 MB.

Unloading 12 unused Assets to reduce memory usage. Loaded Objects now: 2308.
Total: 1.318666 ms (FindLiveObjects: 0.092084 ms CreateObjectMapping: 0.033583 ms MarkObjects: 1.106875 ms  DeleteObjects: 0.085416 ms)

========================================================================
Received Import Request.
  Time since last request: 246.746436 seconds.
  path: Assets/Prefab/Obstacle 1.prefab
  artifactKey: Guid(9bd9d8d45dfe3497d839f8d9c2ac635e) Importer(815301076,1909f56bfc062723c751e8b465ee728b)
Start importing Assets/Prefab/Obstacle 1.prefab using Guid(9bd9d8d45dfe3497d839f8d9c2ac635e) Importer(815301076,1909f56bfc062723c751e8b465ee728b)  -> (artifact id: '121986df3d97dfccde16ad7037dddabd') in 0.151573 seconds
  Import took 0.156677 seconds .

========================================================================
Received Prepare
Registering precompiled user dll's ...
Registered in 0.000994 seconds.
Begin MonoManager ReloadAssembly
Native extension for OSXStandalone target not found
Native extension for WebGL target not found
Refreshing native plugins compatible for Editor in 0.31 ms, found 2 plugins.
Preloading 0 native plugins for Editor in 0.00 ms.
Mono: successfully reloaded assembly
- Completed reload, in  1.852 seconds
Platform modules already initialized, skipping
Refreshing native plugins compatible for Editor in 0.29 ms, found 2 plugins.
Preloading 0 native plugins for Editor in 0.00 ms.
Unloading 1808 Unused Serialized files (Serialized files now loaded: 0)
System memory in use before: 162.1 MB.
System memory in use after: 162.1 MB.

Unloading 12 unused Assets to reduce memory usage. Loaded Objects now: 2313.
Total: 1.430416 ms (FindLiveObjects: 0.132917 ms CreateObjectMapping: 0.035500 ms MarkObjects: 1.160459 ms  DeleteObjects: 0.100750 ms)

========================================================================
Received Import Request.
  Time since last request: 241.116828 seconds.
  path: Assets/Scripts/Obstacle.cs
  artifactKey: Guid(416b40bf737a54f028c2ee4462afc934) Importer(815301076,1909f56bfc062723c751e8b465ee728b)
Start importing Assets/Scripts/Obstacle.cs using Guid(416b40bf737a54f028c2ee4462afc934) Importer(815301076,1909f56bfc062723c751e8b465ee728b)  -> (artifact id: '73ed9e061ce44225e251765d00e1909f') in 0.006156 seconds
  Import took 0.008791 seconds .

========================================================================
Received Import Request.
  Time since last request: 0.005695 seconds.
  path: Assets/Scripts/Obstacle.cs
  artifactKey: Guid(416b40bf737a54f028c2ee4462afc934) Importer(815301076,1909f56bfc062723c751e8b465ee728b)
Start importing Assets/Scripts/Obstacle.cs using Guid(416b40bf737a54f028c2ee4462afc934) Importer(815301076,1909f56bfc062723c751e8b465ee728b)  -> (artifact id: '73ed9e061ce44225e251765d00e1909f') in 0.000829 seconds
  Import took 0.002953 seconds .

========================================================================
Received Prepare
Registering precompiled user dll's ...
Registered in 0.000344 seconds.
Begin MonoManager ReloadAssembly
Native extension for OSXStandalone target not found
Native extension for WebGL target not found
Refreshing native plugins compatible for Editor in 0.32 ms, found 2 plugins.
Preloading 0 native plugins for Editor in 0.00 ms.
Mono: successfully reloaded assembly
- Completed reload, in  1.850 seconds
Platform modules already initialized, skipping
Refreshing native plugins compatible for Editor in 0.30 ms, found 2 plugins.
Preloading 0 native plugins for Editor in 0.00 ms.
Unloading 1808 Unused Serialized files (Serialized files now loaded: 0)
System memory in use before: 162.3 MB.
System memory in use after: 162.3 MB.

Unloading 12 unused Assets to reduce memory usage. Loaded Objects now: 2317.
Total: 1.454083 ms (FindLiveObjects: 0.129500 ms CreateObjectMapping: 0.035542 ms MarkObjects: 1.165583 ms  DeleteObjects: 0.122625 ms)

========================================================================
Received Import Request.
  Time since last request: 1215.353640 seconds.
  path: Assets/Scripts/Obstacle.cs
  artifactKey: Guid(416b40bf737a54f028c2ee4462afc934) Importer(815301076,1909f56bfc062723c751e8b465ee728b)
Start importing Assets/Scripts/Obstacle.cs using Guid(416b40bf737a54f028c2ee4462afc934) Importer(815301076,1909f56bfc062723c751e8b465ee728b)  -> (artifact id: '2b13fb4bd57f57fdeaa300da2945f643') in 0.014309 seconds
  Import took 0.022631 seconds .

========================================================================
Received Prepare
Registering precompiled user dll's ...
Registered in 0.000734 seconds.
Begin MonoManager ReloadAssembly
Native extension for OSXStandalone target not found
Native extension for WebGL target not found
Refreshing native plugins compatible for Editor in 0.33 ms, found 2 plugins.
Preloading 0 native plugins for Editor in 0.00 ms.
Mono: successfully reloaded assembly
- Completed reload, in  1.934 seconds
Platform modules already initialized, skipping
Refreshing native plugins compatible for Editor in 0.26 ms, found 2 plugins.
Preloading 0 native plugins for Editor in 0.00 ms.
Unloading 1808 Unused Serialized files (Serialized files now loaded: 0)
System memory in use before: 162.5 MB.
System memory in use after: 162.5 MB.

Unloading 12 unused Assets to reduce memory usage. Loaded Objects now: 2321.
Total: 1.381125 ms (FindLiveObjects: 0.143083 ms CreateObjectMapping: 0.034791 ms MarkObjects: 1.105667 ms  DeleteObjects: 0.096750 ms)

========================================================================
Received Import Request.
  Time since last request: 118.452032 seconds.
  path: Assets/Scripts/Obstacle.cs
  artifactKey: Guid(416b40bf737a54f028c2ee4462afc934) Importer(815301076,1909f56bfc062723c751e8b465ee728b)
Start importing Assets/Scripts/Obstacle.cs using Guid(416b40bf737a54f028c2ee4462afc934) Importer(815301076,1909f56bfc062723c751e8b465ee728b)  -> (artifact id: '98a4586547c46e931a0cfc4b453f472f') in 0.004531 seconds
  Import took 0.006520 seconds .

========================================================================
Received Import Request.
  Time since last request: 83.641185 seconds.
  path: Assets/Scripts/GameOver.cs
  artifactKey: Guid(befe94eaf7f3a447a80fad227c92b5ba) Importer(815301076,1909f56bfc062723c751e8b465ee728b)
Start importing Assets/Scripts/GameOver.cs using Guid(befe94eaf7f3a447a80fad227c92b5ba) Importer(815301076,1909f56bfc062723c751e8b465ee728b)  -> (artifact id: '90dbc02359c573da5ec74c3b545f84d8') in 0.005685 seconds
  Import took 0.013734 seconds .

========================================================================
Received Prepare
Registering precompiled user dll's ...
Registered in 0.000769 seconds.
Begin MonoManager ReloadAssembly
Native extension for OSXStandalone target not found
Native extension for WebGL target not found
Refreshing native plugins compatible for Editor in 0.32 ms, found 2 plugins.
Preloading 0 native plugins for Editor in 0.00 ms.
Mono: successfully reloaded assembly
- Completed reload, in  1.963 seconds
Platform modules already initialized, skipping
Refreshing native plugins compatible for Editor in 0.26 ms, found 2 plugins.
Preloading 0 native plugins for Editor in 0.00 ms.
Unloading 1809 Unused Serialized files (Serialized files now loaded: 0)
System memory in use before: 162.7 MB.
System memory in use after: 162.7 MB.

Unloading 12 unused Assets to reduce memory usage. Loaded Objects now: 2326.
Total: 1.510125 ms (FindLiveObjects: 0.110750 ms CreateObjectMapping: 0.032750 ms MarkObjects: 1.272041 ms  DeleteObjects: 0.093666 ms)

========================================================================
Received Prepare
Registering precompiled user dll's ...
Registered in 0.000731 seconds.
Begin MonoManager ReloadAssembly
Native extension for OSXStandalone target not found
Native extension for WebGL target not found
Refreshing native plugins compatible for Editor in 0.31 ms, found 2 plugins.
Preloading 0 native plugins for Editor in 0.00 ms.
Mono: successfully reloaded assembly
- Completed reload, in  1.881 seconds
Platform modules already initialized, skipping
Refreshing native plugins compatible for Editor in 0.28 ms, found 2 plugins.
Preloading 0 native plugins for Editor in 0.00 ms.
Unloading 1809 Unused Serialized files (Serialized files now loaded: 0)
System memory in use before: 162.9 MB.
System memory in use after: 162.9 MB.

Unloading 12 unused Assets to reduce memory usage. Loaded Objects now: 2330.
Total: 1.342042 ms (FindLiveObjects: 0.110083 ms CreateObjectMapping: 0.034000 ms MarkObjects: 1.100334 ms  DeleteObjects: 0.096959 ms)

========================================================================
Received Import Request.
  Time since last request: 196.822775 seconds.
  path: Assets/Scripts/GameOver.cs
  artifactKey: Guid(befe94eaf7f3a447a80fad227c92b5ba) Importer(815301076,1909f56bfc062723c751e8b465ee728b)
Start importing Assets/Scripts/GameOver.cs using Guid(befe94eaf7f3a447a80fad227c92b5ba) Importer(815301076,1909f56bfc062723c751e8b465ee728b)  -> (artifact id: 'e8af62c780950938dd92760c2b45104d') in 0.005488 seconds
  Import took 0.007663 seconds .

========================================================================
Received Import Request.
  Time since last request: 127.972964 seconds.
  path: Assets/Sprites/Materials/Background.mat
  artifactKey: Guid(4085b54d9756d4afc9227a41780083bb) Importer(815301076,1909f56bfc062723c751e8b465ee728b)
Start importing Assets/Sprites/Materials/Background.mat using Guid(4085b54d9756d4afc9227a41780083bb) Importer(815301076,1909f56bfc062723c751e8b465ee728b)  -> (artifact id: '2186f32b94a7d16a44efd2015134a283') in 0.288001 seconds
  Import took 0.294114 seconds .

========================================================================
Received Import Request.
  Time since last request: 0.015767 seconds.
  path: Assets/Sprites/Materials/Background.mat
  artifactKey: Guid(4085b54d9756d4afc9227a41780083bb) Importer(815301076,1909f56bfc062723c751e8b465ee728b)
Start importing Assets/Sprites/Materials/Background.mat using Guid(4085b54d9756d4afc9227a41780083bb) Importer(815301076,1909f56bfc062723c751e8b465ee728b)  -> (artifact id: '2186f32b94a7d16a44efd2015134a283') in 0.017983 seconds
  Import took 0.020524 seconds .

========================================================================
Received Prepare
Registering precompiled user dll's ...
Registered in 0.000739 seconds.
Begin MonoManager ReloadAssembly
Native extension for OSXStandalone target not found
Native extension for WebGL target not found
Refreshing native plugins compatible for Editor in 0.31 ms, found 2 plugins.
Preloading 0 native plugins for Editor in 0.00 ms.
Mono: successfully reloaded assembly
- Completed reload, in  1.811 seconds
Platform modules already initialized, skipping
Refreshing native plugins compatible for Editor in 0.30 ms, found 2 plugins.
Preloading 0 native plugins for Editor in 0.00 ms.
Unloading 1809 Unused Serialized files (Serialized files now loaded: 0)
System memory in use before: 167.6 MB.
System memory in use after: 167.6 MB.

Unloading 12 unused Assets to reduce memory usage. Loaded Objects now: 2368.
Total: 1.387792 ms (FindLiveObjects: 0.110041 ms CreateObjectMapping: 0.035750 ms MarkObjects: 1.150334 ms  DeleteObjects: 0.090833 ms)

========================================================================
Received Prepare
Registering precompiled user dll's ...
Registered in 0.000368 seconds.
Begin MonoManager ReloadAssembly
Native extension for OSXStandalone target not found
Native extension for WebGL target not found
Refreshing native plugins compatible for Editor in 0.32 ms, found 2 plugins.
Preloading 0 native plugins for Editor in 0.00 ms.
Mono: successfully reloaded assembly
- Completed reload, in  1.812 seconds
Platform modules already initialized, skipping
Refreshing native plugins compatible for Editor in 0.30 ms, found 2 plugins.
Preloading 0 native plugins for Editor in 0.00 ms.
Unloading 1809 Unused Serialized files (Serialized files now loaded: 0)
System memory in use before: 167.8 MB.
System memory in use after: 167.8 MB.

Unloading 12 unused Assets to reduce memory usage. Loaded Objects now: 2372.
Total: 1.416292 ms (FindLiveObjects: 0.109500 ms CreateObjectMapping: 0.035333 ms MarkObjects: 1.177542 ms  DeleteObjects: 0.093083 ms)

========================================================================
Received Prepare
Registering precompiled user dll's ...
Registered in 0.000344 seconds.
Begin MonoManager ReloadAssembly
Native extension for OSXStandalone target not found
Native extension for WebGL target not found
Refreshing native plugins compatible for Editor in 0.31 ms, found 2 plugins.
Preloading 0 native plugins for Editor in 0.00 ms.
Mono: successfully reloaded assembly
- Completed reload, in  1.825 seconds
Platform modules already initialized, skipping
Refreshing native plugins compatible for Editor in 0.25 ms, found 2 plugins.
Preloading 0 native plugins for Editor in 0.00 ms.
Unloading 1809 Unused Serialized files (Serialized files now loaded: 0)
System memory in use before: 168.0 MB.
System memory in use after: 168.0 MB.

Unloading 12 unused Assets to reduce memory usage. Loaded Objects now: 2376.
Total: 1.370042 ms (FindLiveObjects: 0.114708 ms CreateObjectMapping: 0.034958 ms MarkObjects: 1.130917 ms  DeleteObjects: 0.088750 ms)

========================================================================
Received Prepare
Registering precompiled user dll's ...
Registered in 0.000369 seconds.
Begin MonoManager ReloadAssembly
Native extension for OSXStandalone target not found
Native extension for WebGL target not found
Refreshing native plugins compatible for Editor in 0.32 ms, found 2 plugins.
Preloading 0 native plugins for Editor in 0.00 ms.
Mono: successfully reloaded assembly
- Completed reload, in  1.800 seconds
Platform modules already initialized, skipping
Refreshing native plugins compatible for Editor in 0.25 ms, found 2 plugins.
Preloading 0 native plugins for Editor in 0.00 ms.
Unloading 1809 Unused Serialized files (Serialized files now loaded: 0)
System memory in use before: 168.2 MB.
System memory in use after: 168.1 MB.

Unloading 12 unused Assets to reduce memory usage. Loaded Objects now: 2380.
Total: 1.486125 ms (FindLiveObjects: 0.121542 ms CreateObjectMapping: 0.036542 ms MarkObjects: 1.226583 ms  DeleteObjects: 0.100458 ms)

========================================================================
Received Prepare
Registering precompiled user dll's ...
Registered in 0.000330 seconds.
Begin MonoManager ReloadAssembly
Native extension for OSXStandalone target not found
Native extension for WebGL target not found
Refreshing native plugins compatible for Editor in 0.31 ms, found 2 plugins.
Preloading 0 native plugins for Editor in 0.00 ms.
Mono: successfully reloaded assembly
- Completed reload, in  1.780 seconds
Platform modules already initialized, skipping
Refreshing native plugins compatible for Editor in 0.25 ms, found 2 plugins.
Preloading 0 native plugins for Editor in 0.00 ms.
Unloading 1809 Unused Serialized files (Serialized files now loaded: 0)
System memory in use before: 168.4 MB.
System memory in use after: 168.4 MB.

Unloading 12 unused Assets to reduce memory usage. Loaded Objects now: 2384.
Total: 1.373209 ms (FindLiveObjects: 0.105417 ms CreateObjectMapping: 0.035875 ms MarkObjects: 1.136166 ms  DeleteObjects: 0.094875 ms)

========================================================================
Received Prepare
Registering precompiled user dll's ...
Registered in 0.001031 seconds.
Begin MonoManager ReloadAssembly
Native extension for OSXStandalone target not found
Native extension for WebGL target not found
Refreshing native plugins compatible for Editor in 0.31 ms, found 2 plugins.
Preloading 0 native plugins for Editor in 0.00 ms.
Mono: successfully reloaded assembly
- Completed reload, in  1.807 seconds
Platform modules already initialized, skipping
Refreshing native plugins compatible for Editor in 0.29 ms, found 2 plugins.
Preloading 0 native plugins for Editor in 0.00 ms.
Unloading 1809 Unused Serialized files (Serialized files now loaded: 0)
System memory in use before: 168.6 MB.
System memory in use after: 168.6 MB.

Unloading 12 unused Assets to reduce memory usage. Loaded Objects now: 2388.
Total: 1.395042 ms (FindLiveObjects: 0.108834 ms CreateObjectMapping: 0.036459 ms MarkObjects: 1.148416 ms  DeleteObjects: 0.100167 ms)

========================================================================
Received Prepare
Registering precompiled user dll's ...
Registered in 0.000351 seconds.
Begin MonoManager ReloadAssembly
Native extension for OSXStandalone target not found
Native extension for WebGL target not found
Refreshing native plugins compatible for Editor in 0.31 ms, found 2 plugins.
Preloading 0 native plugins for Editor in 0.00 ms.
Mono: successfully reloaded assembly
- Completed reload, in  1.807 seconds
Platform modules already initialized, skipping
Refreshing native plugins compatible for Editor in 0.26 ms, found 2 plugins.
Preloading 0 native plugins for Editor in 0.00 ms.
Unloading 1809 Unused Serialized files (Serialized files now loaded: 0)
System memory in use before: 168.8 MB.
System memory in use after: 168.8 MB.

Unloading 12 unused Assets to reduce memory usage. Loaded Objects now: 2392.
Total: 1.403833 ms (FindLiveObjects: 0.116458 ms CreateObjectMapping: 0.036958 ms MarkObjects: 1.156750 ms  DeleteObjects: 0.092750 ms)

========================================================================
Received Prepare
Registering precompiled user dll's ...
Registered in 0.000355 seconds.
Begin MonoManager ReloadAssembly
Native extension for OSXStandalone target not found
Native extension for WebGL target not found
Refreshing native plugins compatible for Editor in 0.31 ms, found 2 plugins.
Preloading 0 native plugins for Editor in 0.00 ms.
Mono: successfully reloaded assembly
- Completed reload, in  1.791 seconds
Platform modules already initialized, skipping
Refreshing native plugins compatible for Editor in 0.26 ms, found 2 plugins.
Preloading 0 native plugins for Editor in 0.00 ms.
Unloading 1809 Unused Serialized files (Serialized files now loaded: 0)
System memory in use before: 169.0 MB.
System memory in use after: 168.9 MB.

Unloading 12 unused Assets to reduce memory usage. Loaded Objects now: 2396.
Total: 1.394875 ms (FindLiveObjects: 0.116333 ms CreateObjectMapping: 0.037750 ms MarkObjects: 1.147500 ms  DeleteObjects: 0.092375 ms)

========================================================================
Received Prepare
Registering precompiled user dll's ...
Registered in 0.001559 seconds.
Begin MonoManager ReloadAssembly
Native extension for OSXStandalone target not found
Native extension for WebGL target not found
Refreshing native plugins compatible for Editor in 0.31 ms, found 2 plugins.
Preloading 0 native plugins for Editor in 0.00 ms.
Mono: successfully reloaded assembly
- Completed reload, in  1.774 seconds
Platform modules already initialized, skipping
Refreshing native plugins compatible for Editor in 0.24 ms, found 2 plugins.
Preloading 0 native plugins for Editor in 0.00 ms.
Unloading 1809 Unused Serialized files (Serialized files now loaded: 0)
System memory in use before: 169.2 MB.
System memory in use after: 169.2 MB.

Unloading 12 unused Assets to reduce memory usage. Loaded Objects now: 2400.
Total: 1.357416 ms (FindLiveObjects: 0.129042 ms CreateObjectMapping: 0.034541 ms MarkObjects: 1.098042 ms  DeleteObjects: 0.095125 ms)

========================================================================
Received Prepare
Registering precompiled user dll's ...
Registered in 0.000345 seconds.
Begin MonoManager ReloadAssembly
Native extension for OSXStandalone target not found
Native extension for WebGL target not found
Refreshing native plugins compatible for Editor in 0.32 ms, found 2 plugins.
Preloading 0 native plugins for Editor in 0.00 ms.
Mono: successfully reloaded assembly
- Completed reload, in  1.804 seconds
Platform modules already initialized, skipping
Refreshing native plugins compatible for Editor in 0.27 ms, found 2 plugins.
Preloading 0 native plugins for Editor in 0.00 ms.
Unloading 1809 Unused Serialized files (Serialized files now loaded: 0)
System memory in use before: 169.4 MB.
System memory in use after: 169.4 MB.

Unloading 12 unused Assets to reduce memory usage. Loaded Objects now: 2404.
Total: 1.450917 ms (FindLiveObjects: 0.127000 ms CreateObjectMapping: 0.037875 ms MarkObjects: 1.188625 ms  DeleteObjects: 0.096417 ms)

========================================================================
Received Prepare
Registering precompiled user dll's ...
Registered in 0.000493 seconds.
Begin MonoManager ReloadAssembly
Native extension for OSXStandalone target not found
Native extension for WebGL target not found
Refreshing native plugins compatible for Editor in 0.30 ms, found 2 plugins.
Preloading 0 native plugins for Editor in 0.00 ms.
Mono: successfully reloaded assembly
- Completed reload, in  1.787 seconds
Platform modules already initialized, skipping
Refreshing native plugins compatible for Editor in 0.19 ms, found 2 plugins.
Preloading 0 native plugins for Editor in 0.00 ms.
Unloading 1809 Unused Serialized files (Serialized files now loaded: 0)
System memory in use before: 169.6 MB.
System memory in use after: 169.5 MB.

Unloading 12 unused Assets to reduce memory usage. Loaded Objects now: 2408.
Total: 1.336000 ms (FindLiveObjects: 0.102667 ms CreateObjectMapping: 0.033291 ms MarkObjects: 1.109042 ms  DeleteObjects: 0.090125 ms)

